{"level":"error","message":{"duration":67,"error":"password authentication failed for user \"postgres\"","params":[],"query":"\n      CREATE TABLE IF NOT EXISTS products (\n        id SERIAL PRIMARY KEY,\n        name VARCHAR(100) NOT NULL,\n        price DECIMAL(10,2) NOT NULL,\n        stock INTEGER NOT NULL,\n        created_at TIMESTAMP DEFAULT CURRENT_TIMESTAMP\n      )\n    ","success":false,"timestamp":"2025-05-30T13:56:35.957Z"}}
{"level":"error","message":{"duration":42,"error":"password authentication failed for user \"postgres\"","params":[],"query":"SELECT * FROM products","success":false,"timestamp":"2025-05-30T13:56:36.166Z"}}
{"level":"error","message":{"duration":52,"error":"password authentication failed for user \"postgres\"","params":[],"query":"\n      SELECT o.*, p.name as product_name \n      FROM orders o \n      JOIN products p ON o.product_id = p.id \n      ORDER BY o.created_at DESC\n    ","success":false,"timestamp":"2025-05-30T13:56:36.178Z"}}
{"level":"error","message":{"duration":146,"error":"password authentication failed for user \"postgres\"","params":[],"query":"\n      SELECT * FROM pg_stat_statements \n      ORDER BY total_time DESC \n      LIMIT 100\n    ","success":false,"timestamp":"2025-05-30T13:56:36.273Z"}}
{"level":"error","message":{"duration":34,"error":"password authentication failed for user \"postgres\"","params":[],"query":"SELECT * FROM products","success":false,"timestamp":"2025-05-30T13:56:41.892Z"}}
{"level":"error","message":{"duration":36,"error":"password authentication failed for user \"postgres\"","params":[],"query":"\n      SELECT o.*, p.name as product_name \n      FROM orders o \n      JOIN products p ON o.product_id = p.id \n      ORDER BY o.created_at DESC\n    ","success":false,"timestamp":"2025-05-30T13:56:41.895Z"}}
{"level":"error","message":{"duration":39,"error":"password authentication failed for user \"postgres\"","params":[],"query":"\n      SELECT * FROM pg_stat_statements \n      ORDER BY total_time DESC \n      LIMIT 100\n    ","success":false,"timestamp":"2025-05-30T13:56:41.898Z"}}
{"level":"error","message":{"duration":36,"error":"password authentication failed for user \"postgres\"","params":[],"query":"SELECT * FROM products","success":false,"timestamp":"2025-05-30T13:56:46.888Z"}}
{"level":"error","message":{"duration":40,"error":"password authentication failed for user \"postgres\"","params":[],"query":"\n      SELECT o.*, p.name as product_name \n      FROM orders o \n      JOIN products p ON o.product_id = p.id \n      ORDER BY o.created_at DESC\n    ","success":false,"timestamp":"2025-05-30T13:56:46.894Z"}}
{"level":"error","message":{"duration":39,"error":"password authentication failed for user \"postgres\"","params":[],"query":"\n      SELECT * FROM pg_stat_statements \n      ORDER BY total_time DESC \n      LIMIT 100\n    ","success":false,"timestamp":"2025-05-30T13:56:46.895Z"}}
{"level":"error","message":{"duration":47,"error":"password authentication failed for user \"postgres\"","params":[],"query":"\n      SELECT o.*, p.name as product_name \n      FROM orders o \n      JOIN products p ON o.product_id = p.id \n      ORDER BY o.created_at DESC\n    ","success":false,"timestamp":"2025-05-30T13:56:49.369Z"}}
{"level":"error","message":{"duration":53,"error":"password authentication failed for user \"postgres\"","params":[],"query":"\n      SELECT * FROM pg_stat_statements \n      ORDER BY total_time DESC \n      LIMIT 100\n    ","success":false,"timestamp":"2025-05-30T13:56:49.376Z"}}
{"level":"error","message":{"duration":55,"error":"password authentication failed for user \"postgres\"","params":[],"query":"SELECT * FROM products","success":false,"timestamp":"2025-05-30T13:56:49.377Z"}}
{"level":"error","message":{"duration":159,"error":"password authentication failed for user \"root\"","params":[],"query":"\n      CREATE TABLE IF NOT EXISTS products (\n        id SERIAL PRIMARY KEY,\n        name VARCHAR(100) NOT NULL,\n        price DECIMAL(10,2) NOT NULL,\n        stock INTEGER NOT NULL,\n        created_at TIMESTAMP DEFAULT CURRENT_TIMESTAMP\n      )\n    ","success":false,"timestamp":"2025-05-30T13:56:54.545Z"}}
{"level":"info","message":{"duration":90,"params":[],"query":"\n      CREATE TABLE IF NOT EXISTS products (\n        id INT AUTO_INCREMENT PRIMARY KEY,\n        name VARCHAR(100) NOT NULL,\n        price DECIMAL(10,2) NOT NULL,\n        stock INT NOT NULL,\n        created_at TIMESTAMP DEFAULT CURRENT_TIMESTAMP\n      )\n    ","success":true,"timestamp":"2025-05-30T14:17:16.175Z"}}
{"level":"info","message":{"duration":44,"params":[],"query":"\n      CREATE TABLE IF NOT EXISTS orders (\n        id INT AUTO_INCREMENT PRIMARY KEY,\n        product_id INT,\n        quantity INT NOT NULL,\n        total_price DECIMAL(10,2) NOT NULL,\n        created_at TIMESTAMP DEFAULT CURRENT_TIMESTAMP,\n        FOREIGN KEY (product_id) REFERENCES products(id)\n      )\n    ","success":true,"timestamp":"2025-05-30T14:17:16.221Z"}}
{"level":"info","message":{"duration":7,"params":[],"query":"\n        INSERT INTO products (name, price, stock) VALUES\n        ('Laptop', 999.99, 50),\n        ('Smartphone', 499.99, 100),\n        ('Headphones', 99.99, 200)\n      ","success":true,"timestamp":"2025-05-30T14:17:16.236Z"}}
{"level":"info","message":{"duration":85,"params":[],"query":"\n      CREATE TABLE IF NOT EXISTS products (\n        id INT AUTO_INCREMENT PRIMARY KEY,\n        name VARCHAR(100) NOT NULL,\n        price DECIMAL(10,2) NOT NULL,\n        stock INT NOT NULL,\n        created_at TIMESTAMP DEFAULT CURRENT_TIMESTAMP\n      )\n    ","success":true,"timestamp":"2025-05-30T14:20:15.573Z"}}
{"level":"info","message":{"duration":14,"params":[],"query":"\n      CREATE TABLE IF NOT EXISTS orders (\n        id INT AUTO_INCREMENT PRIMARY KEY,\n        product_id INT,\n        quantity INT NOT NULL,\n        total_price DECIMAL(10,2) NOT NULL,\n        created_at TIMESTAMP DEFAULT CURRENT_TIMESTAMP,\n        FOREIGN KEY (product_id) REFERENCES products(id)\n      )\n    ","success":true,"timestamp":"2025-05-30T14:20:15.591Z"}}
{"level":"info","message":{"duration":10,"params":[],"query":"SELECT * FROM products","success":true,"timestamp":"2025-05-30T14:27:26.974Z"}}
{"level":"info","message":{"duration":19,"params":[],"query":"\n      SELECT o.*, p.name as product_name \n      FROM orders o \n      JOIN products p ON o.product_id = p.id \n      ORDER BY o.created_at DESC\n    ","success":true,"timestamp":"2025-05-30T14:27:26.985Z"}}
{"level":"info","message":{"duration":94,"params":[],"query":"\n      SELECT * FROM performance_schema.events_statements_summary_by_digest \n      ORDER BY SUM_TIMER_WAIT DESC \n      LIMIT 100\n    ","success":true,"timestamp":"2025-05-30T14:27:27.062Z"}}
{"level":"info","message":{"duration":90,"params":[],"query":"\n      CREATE TABLE IF NOT EXISTS products (\n        id INT AUTO_INCREMENT PRIMARY KEY,\n        name VARCHAR(100) NOT NULL,\n        price DECIMAL(10,2) NOT NULL,\n        stock INT NOT NULL,\n        created_at TIMESTAMP DEFAULT CURRENT_TIMESTAMP\n      )\n    ","success":true,"timestamp":"2025-05-30T14:27:32.848Z"}}
{"level":"info","message":{"duration":3,"params":[],"query":"\n      CREATE TABLE IF NOT EXISTS orders (\n        id INT AUTO_INCREMENT PRIMARY KEY,\n        product_id INT,\n        quantity INT NOT NULL,\n        total_price DECIMAL(10,2) NOT NULL,\n        created_at TIMESTAMP DEFAULT CURRENT_TIMESTAMP,\n        FOREIGN KEY (product_id) REFERENCES products(id)\n      )\n    ","success":true,"timestamp":"2025-05-30T14:27:32.855Z"}}
{"level":"info","message":{"duration":7,"params":[],"query":"SELECT * FROM products","success":true,"timestamp":"2025-05-30T14:27:35.346Z"}}
{"level":"info","message":{"duration":55,"params":[],"query":"\n      SELECT o.*, p.name as product_name \n      FROM orders o \n      JOIN products p ON o.product_id = p.id \n      ORDER BY o.created_at DESC\n    ","success":true,"timestamp":"2025-05-30T14:27:35.396Z"}}
{"level":"info","message":{"duration":58,"params":[],"query":"\n      SELECT * FROM performance_schema.events_statements_summary_by_digest \n      ORDER BY SUM_TIMER_WAIT DESC \n      LIMIT 100\n    ","success":true,"timestamp":"2025-05-30T14:27:35.402Z"}}
{"level":"info","message":{"duration":2,"params":[],"query":"\n      SELECT o.*, p.name as product_name \n      FROM orders o \n      JOIN products p ON o.product_id = p.id \n      ORDER BY o.created_at DESC\n    ","success":true,"timestamp":"2025-05-30T14:27:40.341Z"}}
{"level":"info","message":{"duration":8,"params":[],"query":"SELECT * FROM products","success":true,"timestamp":"2025-05-30T14:27:40.346Z"}}
{"level":"info","message":{"duration":11,"params":[],"query":"\n      SELECT * FROM performance_schema.events_statements_summary_by_digest \n      ORDER BY SUM_TIMER_WAIT DESC \n      LIMIT 100\n    ","success":true,"timestamp":"2025-05-30T14:27:40.351Z"}}
{"level":"info","message":{"duration":4,"params":[],"query":"SELECT * FROM products","success":true,"timestamp":"2025-05-30T14:27:45.331Z"}}
{"level":"info","message":{"duration":7,"params":[],"query":"\n      SELECT o.*, p.name as product_name \n      FROM orders o \n      JOIN products p ON o.product_id = p.id \n      ORDER BY o.created_at DESC\n    ","success":true,"timestamp":"2025-05-30T14:27:45.335Z"}}
{"level":"info","message":{"duration":11,"params":[],"query":"\n      SELECT * FROM performance_schema.events_statements_summary_by_digest \n      ORDER BY SUM_TIMER_WAIT DESC \n      LIMIT 100\n    ","success":true,"timestamp":"2025-05-30T14:27:45.340Z"}}
{"level":"info","message":{"duration":2,"params":[],"query":"\n      SELECT o.*, p.name as product_name \n      FROM orders o \n      JOIN products p ON o.product_id = p.id \n      ORDER BY o.created_at DESC\n    ","success":true,"timestamp":"2025-05-30T14:27:50.334Z"}}
{"level":"info","message":{"duration":4,"params":[],"query":"SELECT * FROM products","success":true,"timestamp":"2025-05-30T14:27:50.336Z"}}
{"level":"info","message":{"duration":6,"params":[],"query":"\n      SELECT * FROM performance_schema.events_statements_summary_by_digest \n      ORDER BY SUM_TIMER_WAIT DESC \n      LIMIT 100\n    ","success":true,"timestamp":"2025-05-30T14:27:50.349Z"}}
{"level":"info","message":{"duration":3,"params":[],"query":"SELECT * FROM products","success":true,"timestamp":"2025-05-30T14:27:55.342Z"}}
{"level":"info","message":{"duration":4,"params":[],"query":"\n      SELECT o.*, p.name as product_name \n      FROM orders o \n      JOIN products p ON o.product_id = p.id \n      ORDER BY o.created_at DESC\n    ","success":true,"timestamp":"2025-05-30T14:27:55.344Z"}}
{"level":"info","message":{"duration":14,"params":[],"query":"\n      SELECT * FROM performance_schema.events_statements_summary_by_digest \n      ORDER BY SUM_TIMER_WAIT DESC \n      LIMIT 100\n    ","success":true,"timestamp":"2025-05-30T14:27:55.354Z"}}
{"level":"info","message":{"duration":2,"params":[],"query":"SELECT * FROM products","success":true,"timestamp":"2025-05-30T14:28:00.327Z"}}
{"level":"info","message":{"duration":3,"params":[],"query":"\n      SELECT o.*, p.name as product_name \n      FROM orders o \n      JOIN products p ON o.product_id = p.id \n      ORDER BY o.created_at DESC\n    ","success":true,"timestamp":"2025-05-30T14:28:00.329Z"}}
{"level":"info","message":{"duration":12,"params":[],"query":"\n      SELECT * FROM performance_schema.events_statements_summary_by_digest \n      ORDER BY SUM_TIMER_WAIT DESC \n      LIMIT 100\n    ","success":true,"timestamp":"2025-05-30T14:28:00.338Z"}}
{"level":"info","message":{"duration":2,"params":[],"query":"SELECT * FROM products","success":true,"timestamp":"2025-05-30T14:28:05.328Z"}}
{"level":"info","message":{"duration":2,"params":[],"query":"\n      SELECT o.*, p.name as product_name \n      FROM orders o \n      JOIN products p ON o.product_id = p.id \n      ORDER BY o.created_at DESC\n    ","success":true,"timestamp":"2025-05-30T14:28:05.331Z"}}
{"level":"info","message":{"duration":12,"params":[],"query":"\n      SELECT * FROM performance_schema.events_statements_summary_by_digest \n      ORDER BY SUM_TIMER_WAIT DESC \n      LIMIT 100\n    ","success":true,"timestamp":"2025-05-30T14:28:05.343Z"}}
{"level":"info","message":{"duration":2,"params":[],"query":"SELECT * FROM products","success":true,"timestamp":"2025-05-30T14:28:10.849Z"}}
{"level":"info","message":{"duration":3,"params":[],"query":"\n      SELECT o.*, p.name as product_name \n      FROM orders o \n      JOIN products p ON o.product_id = p.id \n      ORDER BY o.created_at DESC\n    ","success":true,"timestamp":"2025-05-30T14:28:10.851Z"}}
{"level":"info","message":{"duration":8,"params":[],"query":"\n      SELECT * FROM performance_schema.events_statements_summary_by_digest \n      ORDER BY SUM_TIMER_WAIT DESC \n      LIMIT 100\n    ","success":true,"timestamp":"2025-05-30T14:28:10.857Z"}}
{"level":"info","message":{"duration":3,"params":[],"query":"SELECT * FROM products","success":true,"timestamp":"2025-05-30T14:28:15.335Z"}}
{"level":"info","message":{"duration":3,"params":[],"query":"\n      SELECT o.*, p.name as product_name \n      FROM orders o \n      JOIN products p ON o.product_id = p.id \n      ORDER BY o.created_at DESC\n    ","success":true,"timestamp":"2025-05-30T14:28:15.336Z"}}
{"level":"info","message":{"duration":11,"params":[],"query":"\n      SELECT * FROM performance_schema.events_statements_summary_by_digest \n      ORDER BY SUM_TIMER_WAIT DESC \n      LIMIT 100\n    ","success":true,"timestamp":"2025-05-30T14:28:15.345Z"}}
{"level":"info","message":{"duration":3,"params":[],"query":"SELECT * FROM products","success":true,"timestamp":"2025-05-30T14:28:20.328Z"}}
{"level":"info","message":{"duration":6,"params":[],"query":"\n      SELECT o.*, p.name as product_name \n      FROM orders o \n      JOIN products p ON o.product_id = p.id \n      ORDER BY o.created_at DESC\n    ","success":true,"timestamp":"2025-05-30T14:28:20.332Z"}}
{"level":"info","message":{"duration":18,"params":[],"query":"\n      SELECT * FROM performance_schema.events_statements_summary_by_digest \n      ORDER BY SUM_TIMER_WAIT DESC \n      LIMIT 100\n    ","success":true,"timestamp":"2025-05-30T14:28:20.345Z"}}
{"level":"info","message":{"duration":2,"params":[],"query":"SELECT * FROM products","success":true,"timestamp":"2025-05-30T14:28:25.857Z"}}
{"level":"info","message":{"duration":3,"params":[],"query":"\n      SELECT o.*, p.name as product_name \n      FROM orders o \n      JOIN products p ON o.product_id = p.id \n      ORDER BY o.created_at DESC\n    ","success":true,"timestamp":"2025-05-30T14:28:25.859Z"}}
{"level":"info","message":{"duration":6,"params":[],"query":"\n      SELECT * FROM performance_schema.events_statements_summary_by_digest \n      ORDER BY SUM_TIMER_WAIT DESC \n      LIMIT 100\n    ","success":true,"timestamp":"2025-05-30T14:28:25.863Z"}}
{"level":"info","message":{"duration":3,"params":[],"query":"SELECT * FROM products","success":true,"timestamp":"2025-05-30T14:28:30.335Z"}}
{"level":"info","message":{"duration":3,"params":[],"query":"\n      SELECT o.*, p.name as product_name \n      FROM orders o \n      JOIN products p ON o.product_id = p.id \n      ORDER BY o.created_at DESC\n    ","success":true,"timestamp":"2025-05-30T14:28:30.336Z"}}
{"level":"info","message":{"duration":7,"params":[],"query":"\n      SELECT * FROM performance_schema.events_statements_summary_by_digest \n      ORDER BY SUM_TIMER_WAIT DESC \n      LIMIT 100\n    ","success":true,"timestamp":"2025-05-30T14:28:30.341Z"}}
{"level":"info","message":{"duration":1,"params":[],"query":"SELECT * FROM products","success":true,"timestamp":"2025-05-30T14:28:35.864Z"}}
{"level":"info","message":{"duration":3,"params":[],"query":"\n      SELECT o.*, p.name as product_name \n      FROM orders o \n      JOIN products p ON o.product_id = p.id \n      ORDER BY o.created_at DESC\n    ","success":true,"timestamp":"2025-05-30T14:28:35.869Z"}}
{"level":"info","message":{"duration":7,"params":[],"query":"\n      SELECT * FROM performance_schema.events_statements_summary_by_digest \n      ORDER BY SUM_TIMER_WAIT DESC \n      LIMIT 100\n    ","success":true,"timestamp":"2025-05-30T14:28:35.874Z"}}
{"level":"info","message":{"duration":2,"params":[],"query":"SELECT * FROM products","success":true,"timestamp":"2025-05-30T14:28:40.864Z"}}
{"level":"info","message":{"duration":3,"params":[],"query":"\n      SELECT o.*, p.name as product_name \n      FROM orders o \n      JOIN products p ON o.product_id = p.id \n      ORDER BY o.created_at DESC\n    ","success":true,"timestamp":"2025-05-30T14:28:40.866Z"}}
{"level":"info","message":{"duration":8,"params":[],"query":"\n      SELECT * FROM performance_schema.events_statements_summary_by_digest \n      ORDER BY SUM_TIMER_WAIT DESC \n      LIMIT 100\n    ","success":true,"timestamp":"2025-05-30T14:28:40.872Z"}}
{"level":"info","message":{"duration":2,"params":[],"query":"SELECT * FROM products","success":true,"timestamp":"2025-05-30T14:28:45.855Z"}}
{"level":"info","message":{"duration":3,"params":[],"query":"\n      SELECT o.*, p.name as product_name \n      FROM orders o \n      JOIN products p ON o.product_id = p.id \n      ORDER BY o.created_at DESC\n    ","success":true,"timestamp":"2025-05-30T14:28:45.857Z"}}
{"level":"info","message":{"duration":8,"params":[],"query":"\n      SELECT * FROM performance_schema.events_statements_summary_by_digest \n      ORDER BY SUM_TIMER_WAIT DESC \n      LIMIT 100\n    ","success":true,"timestamp":"2025-05-30T14:28:45.862Z"}}
{"level":"info","message":{"duration":3,"params":[],"query":"SELECT * FROM products","success":true,"timestamp":"2025-05-30T14:28:50.858Z"}}
{"level":"info","message":{"duration":3,"params":[],"query":"\n      SELECT o.*, p.name as product_name \n      FROM orders o \n      JOIN products p ON o.product_id = p.id \n      ORDER BY o.created_at DESC\n    ","success":true,"timestamp":"2025-05-30T14:28:50.859Z"}}
{"level":"info","message":{"duration":6,"params":[],"query":"\n      SELECT * FROM performance_schema.events_statements_summary_by_digest \n      ORDER BY SUM_TIMER_WAIT DESC \n      LIMIT 100\n    ","success":true,"timestamp":"2025-05-30T14:28:50.863Z"}}
{"level":"info","message":{"duration":3,"params":[],"query":"SELECT * FROM products","success":true,"timestamp":"2025-05-30T14:28:55.868Z"}}
{"level":"info","message":{"duration":4,"params":[],"query":"\n      SELECT o.*, p.name as product_name \n      FROM orders o \n      JOIN products p ON o.product_id = p.id \n      ORDER BY o.created_at DESC\n    ","success":true,"timestamp":"2025-05-30T14:28:55.870Z"}}
{"level":"info","message":{"duration":140,"params":[],"query":"\n      SELECT * FROM performance_schema.events_statements_summary_by_digest \n      ORDER BY SUM_TIMER_WAIT DESC \n      LIMIT 100\n    ","success":true,"timestamp":"2025-05-30T14:28:56.007Z"}}
{"level":"info","message":{"duration":2,"params":[],"query":"SELECT * FROM products","success":true,"timestamp":"2025-05-30T14:29:00.856Z"}}
{"level":"info","message":{"duration":1,"params":[],"query":"\n      SELECT o.*, p.name as product_name \n      FROM orders o \n      JOIN products p ON o.product_id = p.id \n      ORDER BY o.created_at DESC\n    ","success":true,"timestamp":"2025-05-30T14:29:00.861Z"}}
{"level":"info","message":{"duration":6,"params":[],"query":"\n      SELECT * FROM performance_schema.events_statements_summary_by_digest \n      ORDER BY SUM_TIMER_WAIT DESC \n      LIMIT 100\n    ","success":true,"timestamp":"2025-05-30T14:29:00.871Z"}}
{"level":"info","message":{"duration":3,"params":[],"query":"SELECT * FROM products","success":true,"timestamp":"2025-05-30T14:29:05.870Z"}}
{"level":"info","message":{"duration":5,"params":[],"query":"\n      SELECT o.*, p.name as product_name \n      FROM orders o \n      JOIN products p ON o.product_id = p.id \n      ORDER BY o.created_at DESC\n    ","success":true,"timestamp":"2025-05-30T14:29:05.873Z"}}
{"level":"info","message":{"duration":10,"params":[],"query":"\n      SELECT * FROM performance_schema.events_statements_summary_by_digest \n      ORDER BY SUM_TIMER_WAIT DESC \n      LIMIT 100\n    ","success":true,"timestamp":"2025-05-30T14:29:05.879Z"}}
{"level":"info","message":{"duration":1,"params":[],"query":"SELECT * FROM products","success":true,"timestamp":"2025-05-30T14:29:06.363Z"}}
{"level":"info","message":{"duration":3,"params":[],"query":"\n      SELECT o.*, p.name as product_name \n      FROM orders o \n      JOIN products p ON o.product_id = p.id \n      ORDER BY o.created_at DESC\n    ","success":true,"timestamp":"2025-05-30T14:29:06.365Z"}}
{"level":"info","message":{"duration":7,"params":[],"query":"\n      SELECT * FROM performance_schema.events_statements_summary_by_digest \n      ORDER BY SUM_TIMER_WAIT DESC \n      LIMIT 100\n    ","success":true,"timestamp":"2025-05-30T14:29:06.370Z"}}
{"level":"info","message":{"duration":3,"params":[],"query":"SELECT * FROM products","success":true,"timestamp":"2025-05-30T14:29:11.864Z"}}
{"level":"info","message":{"duration":3,"params":[],"query":"\n      SELECT o.*, p.name as product_name \n      FROM orders o \n      JOIN products p ON o.product_id = p.id \n      ORDER BY o.created_at DESC\n    ","success":true,"timestamp":"2025-05-30T14:29:11.865Z"}}
{"level":"info","message":{"duration":7,"params":[],"query":"\n      SELECT * FROM performance_schema.events_statements_summary_by_digest \n      ORDER BY SUM_TIMER_WAIT DESC \n      LIMIT 100\n    ","success":true,"timestamp":"2025-05-30T14:29:11.870Z"}}
{"level":"info","message":{"duration":2,"params":[],"query":"SELECT * FROM products","success":true,"timestamp":"2025-05-30T14:29:16.857Z"}}
{"level":"info","message":{"duration":3,"params":[],"query":"\n      SELECT o.*, p.name as product_name \n      FROM orders o \n      JOIN products p ON o.product_id = p.id \n      ORDER BY o.created_at DESC\n    ","success":true,"timestamp":"2025-05-30T14:29:16.859Z"}}
{"level":"info","message":{"duration":16,"params":[],"query":"\n      SELECT * FROM performance_schema.events_statements_summary_by_digest \n      ORDER BY SUM_TIMER_WAIT DESC \n      LIMIT 100\n    ","success":true,"timestamp":"2025-05-30T14:29:16.873Z"}}
{"level":"info","message":{"duration":1,"params":[],"query":"SELECT * FROM products","success":true,"timestamp":"2025-05-30T14:29:21.887Z"}}
{"level":"info","message":{"duration":1,"params":[],"query":"\n      SELECT o.*, p.name as product_name \n      FROM orders o \n      JOIN products p ON o.product_id = p.id \n      ORDER BY o.created_at DESC\n    ","success":true,"timestamp":"2025-05-30T14:29:21.891Z"}}
{"level":"info","message":{"duration":5,"params":[],"query":"\n      SELECT * FROM performance_schema.events_statements_summary_by_digest \n      ORDER BY SUM_TIMER_WAIT DESC \n      LIMIT 100\n    ","success":true,"timestamp":"2025-05-30T14:29:21.895Z"}}
{"level":"info","message":{"duration":4,"params":[],"query":"SELECT * FROM products","success":true,"timestamp":"2025-05-30T14:29:26.865Z"}}
{"level":"info","message":{"duration":5,"params":[],"query":"\n      SELECT o.*, p.name as product_name \n      FROM orders o \n      JOIN products p ON o.product_id = p.id \n      ORDER BY o.created_at DESC\n    ","success":true,"timestamp":"2025-05-30T14:29:26.866Z"}}
{"level":"info","message":{"duration":9,"params":[],"query":"\n      SELECT * FROM performance_schema.events_statements_summary_by_digest \n      ORDER BY SUM_TIMER_WAIT DESC \n      LIMIT 100\n    ","success":true,"timestamp":"2025-05-30T14:29:26.871Z"}}
{"level":"info","message":{"duration":2,"params":[],"query":"SELECT * FROM products","success":true,"timestamp":"2025-05-30T14:29:31.867Z"}}
{"level":"info","message":{"duration":2,"params":[],"query":"\n      SELECT o.*, p.name as product_name \n      FROM orders o \n      JOIN products p ON o.product_id = p.id \n      ORDER BY o.created_at DESC\n    ","success":true,"timestamp":"2025-05-30T14:29:31.868Z"}}
{"level":"info","message":{"duration":4,"params":[],"query":"\n      SELECT * FROM performance_schema.events_statements_summary_by_digest \n      ORDER BY SUM_TIMER_WAIT DESC \n      LIMIT 100\n    ","success":true,"timestamp":"2025-05-30T14:29:31.871Z"}}
{"level":"info","message":{"duration":4,"params":[],"query":"SELECT * FROM products","success":true,"timestamp":"2025-05-30T14:29:36.373Z"}}
{"level":"info","message":{"duration":4,"params":[],"query":"\n      SELECT o.*, p.name as product_name \n      FROM orders o \n      JOIN products p ON o.product_id = p.id \n      ORDER BY o.created_at DESC\n    ","success":true,"timestamp":"2025-05-30T14:29:36.374Z"}}
{"level":"info","message":{"duration":7,"params":[],"query":"\n      SELECT * FROM performance_schema.events_statements_summary_by_digest \n      ORDER BY SUM_TIMER_WAIT DESC \n      LIMIT 100\n    ","success":true,"timestamp":"2025-05-30T14:29:36.378Z"}}
{"level":"info","message":{"duration":2,"params":[],"query":"SELECT * FROM products","success":true,"timestamp":"2025-05-30T14:29:41.367Z"}}
{"level":"info","message":{"duration":3,"params":[],"query":"\n      SELECT o.*, p.name as product_name \n      FROM orders o \n      JOIN products p ON o.product_id = p.id \n      ORDER BY o.created_at DESC\n    ","success":true,"timestamp":"2025-05-30T14:29:41.369Z"}}
{"level":"info","message":{"duration":9,"params":[],"query":"\n      SELECT * FROM performance_schema.events_statements_summary_by_digest \n      ORDER BY SUM_TIMER_WAIT DESC \n      LIMIT 100\n    ","success":true,"timestamp":"2025-05-30T14:29:41.376Z"}}
{"level":"info","message":{"duration":1,"params":[],"query":"SELECT * FROM products","success":true,"timestamp":"2025-05-30T14:29:46.362Z"}}
{"level":"info","message":{"duration":1,"params":[],"query":"\n      SELECT o.*, p.name as product_name \n      FROM orders o \n      JOIN products p ON o.product_id = p.id \n      ORDER BY o.created_at DESC\n    ","success":true,"timestamp":"2025-05-30T14:29:46.362Z"}}
{"level":"info","message":{"duration":4,"params":[],"query":"\n      SELECT * FROM performance_schema.events_statements_summary_by_digest \n      ORDER BY SUM_TIMER_WAIT DESC \n      LIMIT 100\n    ","success":true,"timestamp":"2025-05-30T14:29:46.365Z"}}
{"level":"info","message":{"duration":1,"params":[],"query":"SELECT * FROM products","success":true,"timestamp":"2025-05-30T14:29:51.913Z"}}
{"level":"info","message":{"duration":2,"params":[],"query":"\n      SELECT o.*, p.name as product_name \n      FROM orders o \n      JOIN products p ON o.product_id = p.id \n      ORDER BY o.created_at DESC\n    ","success":true,"timestamp":"2025-05-30T14:29:51.917Z"}}
{"level":"info","message":{"duration":12,"params":[],"query":"\n      SELECT * FROM performance_schema.events_statements_summary_by_digest \n      ORDER BY SUM_TIMER_WAIT DESC \n      LIMIT 100\n    ","success":true,"timestamp":"2025-05-30T14:29:51.928Z"}}
{"level":"info","message":{"duration":2,"params":[],"query":"SELECT * FROM products","success":true,"timestamp":"2025-05-30T14:29:56.855Z"}}
{"level":"info","message":{"duration":2,"params":[],"query":"\n      SELECT o.*, p.name as product_name \n      FROM orders o \n      JOIN products p ON o.product_id = p.id \n      ORDER BY o.created_at DESC\n    ","success":true,"timestamp":"2025-05-30T14:29:56.856Z"}}
{"level":"info","message":{"duration":6,"params":[],"query":"\n      SELECT * FROM performance_schema.events_statements_summary_by_digest \n      ORDER BY SUM_TIMER_WAIT DESC \n      LIMIT 100\n    ","success":true,"timestamp":"2025-05-30T14:29:56.860Z"}}
{"level":"info","message":{"duration":2,"params":[],"query":"SELECT * FROM products","success":true,"timestamp":"2025-05-30T14:30:01.367Z"}}
{"level":"info","message":{"duration":5,"params":[],"query":"\n      SELECT o.*, p.name as product_name \n      FROM orders o \n      JOIN products p ON o.product_id = p.id \n      ORDER BY o.created_at DESC\n    ","success":true,"timestamp":"2025-05-30T14:30:01.371Z"}}
{"level":"info","message":{"duration":7,"params":[],"query":"\n      SELECT * FROM performance_schema.events_statements_summary_by_digest \n      ORDER BY SUM_TIMER_WAIT DESC \n      LIMIT 100\n    ","success":true,"timestamp":"2025-05-30T14:30:01.374Z"}}
{"level":"info","message":{"duration":2,"params":[],"query":"SELECT * FROM products","success":true,"timestamp":"2025-05-30T14:30:06.378Z"}}
{"level":"info","message":{"duration":3,"params":[],"query":"\n      SELECT o.*, p.name as product_name \n      FROM orders o \n      JOIN products p ON o.product_id = p.id \n      ORDER BY o.created_at DESC\n    ","success":true,"timestamp":"2025-05-30T14:30:06.380Z"}}
{"level":"info","message":{"duration":7,"params":[],"query":"\n      SELECT * FROM performance_schema.events_statements_summary_by_digest \n      ORDER BY SUM_TIMER_WAIT DESC \n      LIMIT 100\n    ","success":true,"timestamp":"2025-05-30T14:30:06.384Z"}}
{"level":"info","message":{"duration":2,"params":[],"query":"SELECT * FROM products","success":true,"timestamp":"2025-05-30T14:30:11.367Z"}}
{"level":"info","message":{"duration":3,"params":[],"query":"\n      SELECT o.*, p.name as product_name \n      FROM orders o \n      JOIN products p ON o.product_id = p.id \n      ORDER BY o.created_at DESC\n    ","success":true,"timestamp":"2025-05-30T14:30:11.369Z"}}
{"level":"info","message":{"duration":7,"params":[],"query":"\n      SELECT * FROM performance_schema.events_statements_summary_by_digest \n      ORDER BY SUM_TIMER_WAIT DESC \n      LIMIT 100\n    ","success":true,"timestamp":"2025-05-30T14:30:11.375Z"}}
{"level":"info","message":{"duration":2,"params":[],"query":"SELECT * FROM products","success":true,"timestamp":"2025-05-30T14:30:13.568Z"}}
{"level":"info","message":{"duration":3,"params":[],"query":"\n      SELECT o.*, p.name as product_name \n      FROM orders o \n      JOIN products p ON o.product_id = p.id \n      ORDER BY o.created_at DESC\n    ","success":true,"timestamp":"2025-05-30T14:30:13.570Z"}}
{"level":"info","message":{"duration":5,"params":[],"query":"\n      SELECT * FROM performance_schema.events_statements_summary_by_digest \n      ORDER BY SUM_TIMER_WAIT DESC \n      LIMIT 100\n    ","success":true,"timestamp":"2025-05-30T14:30:13.573Z"}}
{"level":"info","message":{"duration":1,"params":[],"query":"SELECT * FROM products","success":true,"timestamp":"2025-05-30T14:30:18.857Z"}}
{"level":"info","message":{"duration":1,"params":[],"query":"\n      SELECT o.*, p.name as product_name \n      FROM orders o \n      JOIN products p ON o.product_id = p.id \n      ORDER BY o.created_at DESC\n    ","success":true,"timestamp":"2025-05-30T14:30:18.860Z"}}
{"level":"info","message":{"duration":5,"params":[],"query":"\n      SELECT * FROM performance_schema.events_statements_summary_by_digest \n      ORDER BY SUM_TIMER_WAIT DESC \n      LIMIT 100\n    ","success":true,"timestamp":"2025-05-30T14:30:18.869Z"}}
{"level":"info","message":{"duration":2,"params":[],"query":"SELECT * FROM products","success":true,"timestamp":"2025-05-30T14:30:23.876Z"}}
{"level":"info","message":{"duration":2,"params":[],"query":"\n      SELECT o.*, p.name as product_name \n      FROM orders o \n      JOIN products p ON o.product_id = p.id \n      ORDER BY o.created_at DESC\n    ","success":true,"timestamp":"2025-05-30T14:30:23.886Z"}}
{"level":"info","message":{"duration":4,"params":[],"query":"\n      SELECT * FROM performance_schema.events_statements_summary_by_digest \n      ORDER BY SUM_TIMER_WAIT DESC \n      LIMIT 100\n    ","success":true,"timestamp":"2025-05-30T14:30:23.894Z"}}
{"level":"info","message":{"duration":2,"params":[],"query":"SELECT * FROM products","success":true,"timestamp":"2025-05-30T14:30:28.860Z"}}
{"level":"info","message":{"duration":4,"params":[],"query":"\n      SELECT o.*, p.name as product_name \n      FROM orders o \n      JOIN products p ON o.product_id = p.id \n      ORDER BY o.created_at DESC\n    ","success":true,"timestamp":"2025-05-30T14:30:28.862Z"}}
{"level":"info","message":{"duration":7,"params":[],"query":"\n      SELECT * FROM performance_schema.events_statements_summary_by_digest \n      ORDER BY SUM_TIMER_WAIT DESC \n      LIMIT 100\n    ","success":true,"timestamp":"2025-05-30T14:30:28.866Z"}}
{"level":"info","message":{"duration":1,"params":[],"query":"SELECT * FROM products","success":true,"timestamp":"2025-05-30T14:30:33.865Z"}}
{"level":"info","message":{"duration":1,"params":[],"query":"\n      SELECT o.*, p.name as product_name \n      FROM orders o \n      JOIN products p ON o.product_id = p.id \n      ORDER BY o.created_at DESC\n    ","success":true,"timestamp":"2025-05-30T14:30:33.877Z"}}
{"level":"info","message":{"duration":3,"params":[],"query":"\n      SELECT * FROM performance_schema.events_statements_summary_by_digest \n      ORDER BY SUM_TIMER_WAIT DESC \n      LIMIT 100\n    ","success":true,"timestamp":"2025-05-30T14:30:33.880Z"}}
{"level":"info","message":{"duration":1,"params":[],"query":"SELECT * FROM products","success":true,"timestamp":"2025-05-30T14:30:38.859Z"}}
{"level":"info","message":{"duration":3,"params":[],"query":"\n      SELECT o.*, p.name as product_name \n      FROM orders o \n      JOIN products p ON o.product_id = p.id \n      ORDER BY o.created_at DESC\n    ","success":true,"timestamp":"2025-05-30T14:30:38.868Z"}}
{"level":"info","message":{"duration":6,"params":[],"query":"\n      SELECT * FROM performance_schema.events_statements_summary_by_digest \n      ORDER BY SUM_TIMER_WAIT DESC \n      LIMIT 100\n    ","success":true,"timestamp":"2025-05-30T14:30:38.872Z"}}
{"level":"info","message":{"duration":3,"params":[],"query":"SELECT * FROM products","success":true,"timestamp":"2025-05-30T14:30:43.855Z"}}
{"level":"info","message":{"duration":3,"params":[],"query":"\n      SELECT o.*, p.name as product_name \n      FROM orders o \n      JOIN products p ON o.product_id = p.id \n      ORDER BY o.created_at DESC\n    ","success":true,"timestamp":"2025-05-30T14:30:43.856Z"}}
{"level":"info","message":{"duration":7,"params":[],"query":"\n      SELECT * FROM performance_schema.events_statements_summary_by_digest \n      ORDER BY SUM_TIMER_WAIT DESC \n      LIMIT 100\n    ","success":true,"timestamp":"2025-05-30T14:30:43.861Z"}}
{"level":"info","message":{"duration":3,"params":[],"query":"SELECT * FROM products","success":true,"timestamp":"2025-05-30T14:30:48.862Z"}}
{"level":"info","message":{"duration":7,"params":[],"query":"\n      SELECT o.*, p.name as product_name \n      FROM orders o \n      JOIN products p ON o.product_id = p.id \n      ORDER BY o.created_at DESC\n    ","success":true,"timestamp":"2025-05-30T14:30:48.867Z"}}
{"level":"info","message":{"duration":12,"params":[],"query":"\n      SELECT * FROM performance_schema.events_statements_summary_by_digest \n      ORDER BY SUM_TIMER_WAIT DESC \n      LIMIT 100\n    ","success":true,"timestamp":"2025-05-30T14:30:48.873Z"}}
{"level":"info","message":{"duration":2,"params":[],"query":"SELECT * FROM products","success":true,"timestamp":"2025-05-30T14:30:53.862Z"}}
{"level":"info","message":{"duration":2,"params":[],"query":"\n      SELECT o.*, p.name as product_name \n      FROM orders o \n      JOIN products p ON o.product_id = p.id \n      ORDER BY o.created_at DESC\n    ","success":true,"timestamp":"2025-05-30T14:30:53.863Z"}}
{"level":"info","message":{"duration":5,"params":[],"query":"\n      SELECT * FROM performance_schema.events_statements_summary_by_digest \n      ORDER BY SUM_TIMER_WAIT DESC \n      LIMIT 100\n    ","success":true,"timestamp":"2025-05-30T14:30:53.870Z"}}
{"level":"info","message":{"duration":2,"params":[],"query":"SELECT * FROM products","success":true,"timestamp":"2025-05-30T14:30:58.868Z"}}
{"level":"info","message":{"duration":3,"params":[],"query":"\n      SELECT o.*, p.name as product_name \n      FROM orders o \n      JOIN products p ON o.product_id = p.id \n      ORDER BY o.created_at DESC\n    ","success":true,"timestamp":"2025-05-30T14:30:58.870Z"}}
{"level":"info","message":{"duration":6,"params":[],"query":"\n      SELECT * FROM performance_schema.events_statements_summary_by_digest \n      ORDER BY SUM_TIMER_WAIT DESC \n      LIMIT 100\n    ","success":true,"timestamp":"2025-05-30T14:30:58.873Z"}}
{"level":"info","message":{"duration":1,"params":[],"query":"SELECT * FROM products","success":true,"timestamp":"2025-05-30T14:31:03.890Z"}}
{"level":"info","message":{"duration":1,"params":[],"query":"\n      SELECT o.*, p.name as product_name \n      FROM orders o \n      JOIN products p ON o.product_id = p.id \n      ORDER BY o.created_at DESC\n    ","success":true,"timestamp":"2025-05-30T14:31:03.893Z"}}
{"level":"info","message":{"duration":4,"params":[],"query":"\n      SELECT * FROM performance_schema.events_statements_summary_by_digest \n      ORDER BY SUM_TIMER_WAIT DESC \n      LIMIT 100\n    ","success":true,"timestamp":"2025-05-30T14:31:03.899Z"}}
{"level":"info","message":{"duration":2,"params":[],"query":"SELECT * FROM products","success":true,"timestamp":"2025-05-30T14:31:08.857Z"}}
{"level":"info","message":{"duration":3,"params":[],"query":"\n      SELECT o.*, p.name as product_name \n      FROM orders o \n      JOIN products p ON o.product_id = p.id \n      ORDER BY o.created_at DESC\n    ","success":true,"timestamp":"2025-05-30T14:31:08.861Z"}}
{"level":"info","message":{"duration":6,"params":[],"query":"\n      SELECT * FROM performance_schema.events_statements_summary_by_digest \n      ORDER BY SUM_TIMER_WAIT DESC \n      LIMIT 100\n    ","success":true,"timestamp":"2025-05-30T14:31:08.865Z"}}
{"level":"info","message":{"duration":4,"params":[],"query":"SELECT * FROM products","success":true,"timestamp":"2025-05-30T14:31:35.868Z"}}
{"level":"info","message":{"duration":5,"params":[],"query":"\n      SELECT o.*, p.name as product_name \n      FROM orders o \n      JOIN products p ON o.product_id = p.id \n      ORDER BY o.created_at DESC\n    ","success":true,"timestamp":"2025-05-30T14:31:35.869Z"}}
{"level":"info","message":{"duration":37,"params":[],"query":"\n      SELECT * FROM performance_schema.events_statements_summary_by_digest \n      ORDER BY SUM_TIMER_WAIT DESC \n      LIMIT 100\n    ","success":true,"timestamp":"2025-05-30T14:31:35.902Z"}}
{"level":"info","message":{"duration":1,"params":[],"query":"SELECT * FROM products","success":true,"timestamp":"2025-05-30T14:32:35.870Z"}}
{"level":"info","message":{"duration":2,"params":[],"query":"\n      SELECT o.*, p.name as product_name \n      FROM orders o \n      JOIN products p ON o.product_id = p.id \n      ORDER BY o.created_at DESC\n    ","success":true,"timestamp":"2025-05-30T14:32:35.877Z"}}
{"level":"info","message":{"duration":6,"params":[],"query":"\n      SELECT * FROM performance_schema.events_statements_summary_by_digest \n      ORDER BY SUM_TIMER_WAIT DESC \n      LIMIT 100\n    ","success":true,"timestamp":"2025-05-30T14:32:35.886Z"}}
{"level":"info","message":{"duration":1,"params":[],"query":"SELECT * FROM products","success":true,"timestamp":"2025-05-30T14:33:35.902Z"}}
{"level":"info","message":{"duration":1,"params":[],"query":"\n      SELECT o.*, p.name as product_name \n      FROM orders o \n      JOIN products p ON o.product_id = p.id \n      ORDER BY o.created_at DESC\n    ","success":true,"timestamp":"2025-05-30T14:33:35.905Z"}}
{"level":"info","message":{"duration":5,"params":[],"query":"\n      SELECT * FROM performance_schema.events_statements_summary_by_digest \n      ORDER BY SUM_TIMER_WAIT DESC \n      LIMIT 100\n    ","success":true,"timestamp":"2025-05-30T14:33:35.908Z"}}
{"level":"info","message":{"duration":2,"params":[],"query":"SELECT * FROM products","success":true,"timestamp":"2025-05-30T14:34:35.879Z"}}
{"level":"info","message":{"duration":2,"params":[],"query":"\n      SELECT o.*, p.name as product_name \n      FROM orders o \n      JOIN products p ON o.product_id = p.id \n      ORDER BY o.created_at DESC\n    ","success":true,"timestamp":"2025-05-30T14:34:35.885Z"}}
{"level":"info","message":{"duration":4,"params":[],"query":"\n      SELECT * FROM performance_schema.events_statements_summary_by_digest \n      ORDER BY SUM_TIMER_WAIT DESC \n      LIMIT 100\n    ","success":true,"timestamp":"2025-05-30T14:34:35.902Z"}}
{"level":"info","message":{"duration":3,"params":[],"query":"SELECT * FROM products","success":true,"timestamp":"2025-05-30T14:34:39.910Z"}}
{"level":"info","message":{"duration":6,"params":[],"query":"\n      SELECT o.*, p.name as product_name \n      FROM orders o \n      JOIN products p ON o.product_id = p.id \n      ORDER BY o.created_at DESC\n    ","success":true,"timestamp":"2025-05-30T14:34:39.914Z"}}
{"level":"info","message":{"duration":4,"params":[],"query":"\n      SELECT * FROM performance_schema.events_statements_summary_by_digest \n      ORDER BY SUM_TIMER_WAIT DESC \n      LIMIT 100\n    ","success":true,"timestamp":"2025-05-30T14:34:39.920Z"}}
{"level":"info","message":{"duration":1,"params":[],"query":"SELECT * FROM products","success":true,"timestamp":"2025-05-30T14:34:45.861Z"}}
{"level":"info","message":{"duration":0,"params":[],"query":"\n      SELECT o.*, p.name as product_name \n      FROM orders o \n      JOIN products p ON o.product_id = p.id \n      ORDER BY o.created_at DESC\n    ","success":true,"timestamp":"2025-05-30T14:34:45.863Z"}}
{"level":"info","message":{"duration":4,"params":[],"query":"\n      SELECT * FROM performance_schema.events_statements_summary_by_digest \n      ORDER BY SUM_TIMER_WAIT DESC \n      LIMIT 100\n    ","success":true,"timestamp":"2025-05-30T14:34:45.873Z"}}
{"level":"info","message":{"duration":1,"params":[],"query":"SELECT * FROM products","success":true,"timestamp":"2025-05-30T14:34:47.914Z"}}
{"level":"info","message":{"duration":2,"params":[],"query":"\n      SELECT o.*, p.name as product_name \n      FROM orders o \n      JOIN products p ON o.product_id = p.id \n      ORDER BY o.created_at DESC\n    ","success":true,"timestamp":"2025-05-30T14:34:47.915Z"}}
{"level":"info","message":{"duration":4,"params":[],"query":"\n      SELECT * FROM performance_schema.events_statements_summary_by_digest \n      ORDER BY SUM_TIMER_WAIT DESC \n      LIMIT 100\n    ","success":true,"timestamp":"2025-05-30T14:34:47.933Z"}}
{"level":"info","message":{"duration":2,"params":[],"query":"SELECT * FROM products","success":true,"timestamp":"2025-05-30T14:34:50.808Z"}}
{"level":"info","message":{"duration":4,"params":[],"query":"\n      SELECT o.*, p.name as product_name \n      FROM orders o \n      JOIN products p ON o.product_id = p.id \n      ORDER BY o.created_at DESC\n    ","success":true,"timestamp":"2025-05-30T14:34:50.810Z"}}
{"level":"info","message":{"duration":11,"params":[],"query":"\n      SELECT * FROM performance_schema.events_statements_summary_by_digest \n      ORDER BY SUM_TIMER_WAIT DESC \n      LIMIT 100\n    ","success":true,"timestamp":"2025-05-30T14:34:50.818Z"}}
{"level":"info","message":{"duration":3,"params":[],"query":"SELECT * FROM products","success":true,"timestamp":"2025-05-30T14:34:55.857Z"}}
{"level":"info","message":{"duration":3,"params":[],"query":"\n      SELECT o.*, p.name as product_name \n      FROM orders o \n      JOIN products p ON o.product_id = p.id \n      ORDER BY o.created_at DESC\n    ","success":true,"timestamp":"2025-05-30T14:34:55.858Z"}}
{"level":"info","message":{"duration":6,"params":[],"query":"\n      SELECT * FROM performance_schema.events_statements_summary_by_digest \n      ORDER BY SUM_TIMER_WAIT DESC \n      LIMIT 100\n    ","success":true,"timestamp":"2025-05-30T14:34:55.862Z"}}
{"level":"info","message":{"duration":3,"params":[],"query":"SELECT * FROM products","success":true,"timestamp":"2025-05-30T14:34:56.326Z"}}
{"level":"info","message":{"duration":3,"params":[],"query":"\n      SELECT o.*, p.name as product_name \n      FROM orders o \n      JOIN products p ON o.product_id = p.id \n      ORDER BY o.created_at DESC\n    ","success":true,"timestamp":"2025-05-30T14:34:56.327Z"}}
{"level":"info","message":{"duration":4,"params":[],"query":"\n      SELECT * FROM performance_schema.events_statements_summary_by_digest \n      ORDER BY SUM_TIMER_WAIT DESC \n      LIMIT 100\n    ","success":true,"timestamp":"2025-05-30T14:34:56.342Z"}}
{"level":"info","message":{"duration":2,"params":[],"query":"SELECT * FROM products","success":true,"timestamp":"2025-05-30T14:34:58.944Z"}}
{"level":"info","message":{"duration":2,"params":[],"query":"\n      SELECT o.*, p.name as product_name \n      FROM orders o \n      JOIN products p ON o.product_id = p.id \n      ORDER BY o.created_at DESC\n    ","success":true,"timestamp":"2025-05-30T14:34:58.945Z"}}
{"level":"info","message":{"duration":4,"params":[],"query":"\n      SELECT * FROM performance_schema.events_statements_summary_by_digest \n      ORDER BY SUM_TIMER_WAIT DESC \n      LIMIT 100\n    ","success":true,"timestamp":"2025-05-30T14:34:58.954Z"}}
{"level":"info","message":{"duration":1,"params":[],"query":"SELECT * FROM products","success":true,"timestamp":"2025-05-30T14:35:04.857Z"}}
{"level":"info","message":{"duration":4,"params":[],"query":"\n      SELECT o.*, p.name as product_name \n      FROM orders o \n      JOIN products p ON o.product_id = p.id \n      ORDER BY o.created_at DESC\n    ","success":true,"timestamp":"2025-05-30T14:35:04.860Z"}}
{"level":"info","message":{"duration":6,"params":[],"query":"\n      SELECT * FROM performance_schema.events_statements_summary_by_digest \n      ORDER BY SUM_TIMER_WAIT DESC \n      LIMIT 100\n    ","success":true,"timestamp":"2025-05-30T14:35:04.862Z"}}
{"level":"info","message":{"duration":1,"params":[],"query":"SELECT * FROM products","success":true,"timestamp":"2025-05-30T14:35:09.863Z"}}
{"level":"info","message":{"duration":2,"params":[],"query":"\n      SELECT o.*, p.name as product_name \n      FROM orders o \n      JOIN products p ON o.product_id = p.id \n      ORDER BY o.created_at DESC\n    ","success":true,"timestamp":"2025-05-30T14:35:09.867Z"}}
{"level":"info","message":{"duration":4,"params":[],"query":"\n      SELECT * FROM performance_schema.events_statements_summary_by_digest \n      ORDER BY SUM_TIMER_WAIT DESC \n      LIMIT 100\n    ","success":true,"timestamp":"2025-05-30T14:35:09.872Z"}}
{"level":"info","message":{"duration":3,"params":[],"query":"SELECT * FROM products","success":true,"timestamp":"2025-05-30T14:35:14.585Z"}}
{"level":"info","message":{"duration":3,"params":[],"query":"\n      SELECT o.*, p.name as product_name \n      FROM orders o \n      JOIN products p ON o.product_id = p.id \n      ORDER BY o.created_at DESC\n    ","success":true,"timestamp":"2025-05-30T14:35:14.586Z"}}
{"level":"info","message":{"duration":9,"params":[],"query":"\n      SELECT * FROM performance_schema.events_statements_summary_by_digest \n      ORDER BY SUM_TIMER_WAIT DESC \n      LIMIT 100\n    ","success":true,"timestamp":"2025-05-30T14:35:14.593Z"}}
{"level":"info","message":{"duration":1,"params":[],"query":"SELECT * FROM products","success":true,"timestamp":"2025-05-30T14:35:14.772Z"}}
{"level":"info","message":{"duration":2,"params":[],"query":"\n      SELECT o.*, p.name as product_name \n      FROM orders o \n      JOIN products p ON o.product_id = p.id \n      ORDER BY o.created_at DESC\n    ","success":true,"timestamp":"2025-05-30T14:35:14.773Z"}}
{"level":"info","message":{"duration":4,"params":[],"query":"\n      SELECT * FROM performance_schema.events_statements_summary_by_digest \n      ORDER BY SUM_TIMER_WAIT DESC \n      LIMIT 100\n    ","success":true,"timestamp":"2025-05-30T14:35:14.783Z"}}
{"level":"info","message":{"duration":1,"params":[],"query":"SELECT * FROM products","success":true,"timestamp":"2025-05-30T14:35:17.753Z"}}
{"level":"info","message":{"duration":1,"params":[],"query":"\n      SELECT o.*, p.name as product_name \n      FROM orders o \n      JOIN products p ON o.product_id = p.id \n      ORDER BY o.created_at DESC\n    ","success":true,"timestamp":"2025-05-30T14:35:17.755Z"}}
{"level":"info","message":{"duration":5,"params":[],"query":"\n      SELECT * FROM performance_schema.events_statements_summary_by_digest \n      ORDER BY SUM_TIMER_WAIT DESC \n      LIMIT 100\n    ","success":true,"timestamp":"2025-05-30T14:35:17.760Z"}}
{"level":"info","message":{"duration":4,"params":[],"query":"SELECT * FROM products","success":true,"timestamp":"2025-05-30T14:35:19.372Z"}}
{"level":"info","message":{"duration":4,"params":[],"query":"\n      SELECT o.*, p.name as product_name \n      FROM orders o \n      JOIN products p ON o.product_id = p.id \n      ORDER BY o.created_at DESC\n    ","success":true,"timestamp":"2025-05-30T14:35:19.373Z"}}
{"level":"info","message":{"duration":11,"params":[],"query":"\n      SELECT * FROM performance_schema.events_statements_summary_by_digest \n      ORDER BY SUM_TIMER_WAIT DESC \n      LIMIT 100\n    ","success":true,"timestamp":"2025-05-30T14:35:19.380Z"}}
{"level":"info","message":{"duration":2,"params":[],"query":"SELECT * FROM products","success":true,"timestamp":"2025-05-30T14:35:24.854Z"}}
{"level":"info","message":{"duration":2,"params":[],"query":"\n      SELECT o.*, p.name as product_name \n      FROM orders o \n      JOIN products p ON o.product_id = p.id \n      ORDER BY o.created_at DESC\n    ","success":true,"timestamp":"2025-05-30T14:35:24.855Z"}}
{"level":"info","message":{"duration":7,"params":[],"query":"\n      SELECT * FROM performance_schema.events_statements_summary_by_digest \n      ORDER BY SUM_TIMER_WAIT DESC \n      LIMIT 100\n    ","success":true,"timestamp":"2025-05-30T14:35:24.860Z"}}
{"level":"info","message":{"duration":3,"params":[],"query":"SELECT * FROM products","success":true,"timestamp":"2025-05-30T14:35:27.408Z"}}
{"level":"info","message":{"duration":3,"params":[],"query":"\n      SELECT o.*, p.name as product_name \n      FROM orders o \n      JOIN products p ON o.product_id = p.id \n      ORDER BY o.created_at DESC\n    ","success":true,"timestamp":"2025-05-30T14:35:27.410Z"}}
{"level":"info","message":{"duration":7,"params":[],"query":"\n      SELECT * FROM performance_schema.events_statements_summary_by_digest \n      ORDER BY SUM_TIMER_WAIT DESC \n      LIMIT 100\n    ","success":true,"timestamp":"2025-05-30T14:35:27.414Z"}}
{"level":"info","message":{"duration":2,"params":[],"query":"SELECT * FROM products","success":true,"timestamp":"2025-05-30T14:35:32.867Z"}}
{"level":"info","message":{"duration":3,"params":[],"query":"\n      SELECT o.*, p.name as product_name \n      FROM orders o \n      JOIN products p ON o.product_id = p.id \n      ORDER BY o.created_at DESC\n    ","success":true,"timestamp":"2025-05-30T14:35:32.869Z"}}
{"level":"info","message":{"duration":6,"params":[],"query":"\n      SELECT * FROM performance_schema.events_statements_summary_by_digest \n      ORDER BY SUM_TIMER_WAIT DESC \n      LIMIT 100\n    ","success":true,"timestamp":"2025-05-30T14:35:32.873Z"}}
{"level":"info","message":{"duration":1,"params":[],"query":"SELECT * FROM products","success":true,"timestamp":"2025-05-30T14:35:37.342Z"}}
{"level":"info","message":{"duration":1,"params":[],"query":"\n      SELECT o.*, p.name as product_name \n      FROM orders o \n      JOIN products p ON o.product_id = p.id \n      ORDER BY o.created_at DESC\n    ","success":true,"timestamp":"2025-05-30T14:35:37.346Z"}}
{"level":"info","message":{"duration":4,"params":[],"query":"\n      SELECT * FROM performance_schema.events_statements_summary_by_digest \n      ORDER BY SUM_TIMER_WAIT DESC \n      LIMIT 100\n    ","success":true,"timestamp":"2025-05-30T14:35:37.349Z"}}
{"level":"info","message":{"duration":1,"params":[],"query":"SELECT * FROM products","success":true,"timestamp":"2025-05-30T14:35:42.862Z"}}
{"level":"info","message":{"duration":2,"params":[],"query":"\n      SELECT o.*, p.name as product_name \n      FROM orders o \n      JOIN products p ON o.product_id = p.id \n      ORDER BY o.created_at DESC\n    ","success":true,"timestamp":"2025-05-30T14:35:42.863Z"}}
{"level":"info","message":{"duration":5,"params":[],"query":"\n      SELECT * FROM performance_schema.events_statements_summary_by_digest \n      ORDER BY SUM_TIMER_WAIT DESC \n      LIMIT 100\n    ","success":true,"timestamp":"2025-05-30T14:35:42.870Z"}}
{"level":"info","message":{"duration":2,"params":[],"query":"SELECT * FROM products","success":true,"timestamp":"2025-05-30T14:35:47.859Z"}}
{"level":"info","message":{"duration":3,"params":[],"query":"\n      SELECT o.*, p.name as product_name \n      FROM orders o \n      JOIN products p ON o.product_id = p.id \n      ORDER BY o.created_at DESC\n    ","success":true,"timestamp":"2025-05-30T14:35:47.860Z"}}
{"level":"info","message":{"duration":3,"params":[],"query":"\n      SELECT * FROM performance_schema.events_statements_summary_by_digest \n      ORDER BY SUM_TIMER_WAIT DESC \n      LIMIT 100\n    ","success":true,"timestamp":"2025-05-30T14:35:47.864Z"}}
{"level":"info","message":{"duration":1,"params":[],"query":"SELECT * FROM products","success":true,"timestamp":"2025-05-30T14:35:52.863Z"}}
{"level":"info","message":{"duration":1,"params":[],"query":"\n      SELECT o.*, p.name as product_name \n      FROM orders o \n      JOIN products p ON o.product_id = p.id \n      ORDER BY o.created_at DESC\n    ","success":true,"timestamp":"2025-05-30T14:35:52.864Z"}}
{"level":"info","message":{"duration":4,"params":[],"query":"\n      SELECT * FROM performance_schema.events_statements_summary_by_digest \n      ORDER BY SUM_TIMER_WAIT DESC \n      LIMIT 100\n    ","success":true,"timestamp":"2025-05-30T14:35:52.867Z"}}
{"level":"info","message":{"duration":1,"params":[],"query":"SELECT * FROM products","success":true,"timestamp":"2025-05-30T14:35:57.871Z"}}
{"level":"info","message":{"duration":1,"params":[],"query":"\n      SELECT o.*, p.name as product_name \n      FROM orders o \n      JOIN products p ON o.product_id = p.id \n      ORDER BY o.created_at DESC\n    ","success":true,"timestamp":"2025-05-30T14:35:57.903Z"}}
{"level":"info","message":{"duration":16,"params":[],"query":"\n      SELECT * FROM performance_schema.events_statements_summary_by_digest \n      ORDER BY SUM_TIMER_WAIT DESC \n      LIMIT 100\n    ","success":true,"timestamp":"2025-05-30T14:35:57.920Z"}}
{"level":"info","message":{"duration":1,"params":[],"query":"SELECT * FROM products","success":true,"timestamp":"2025-05-30T14:36:02.878Z"}}
{"level":"info","message":{"duration":1,"params":[],"query":"\n      SELECT o.*, p.name as product_name \n      FROM orders o \n      JOIN products p ON o.product_id = p.id \n      ORDER BY o.created_at DESC\n    ","success":true,"timestamp":"2025-05-30T14:36:02.879Z"}}
{"level":"info","message":{"duration":3,"params":[],"query":"\n      SELECT * FROM performance_schema.events_statements_summary_by_digest \n      ORDER BY SUM_TIMER_WAIT DESC \n      LIMIT 100\n    ","success":true,"timestamp":"2025-05-30T14:36:02.881Z"}}
